WARNING -  Config value 'google_analytics': The configuration option google_analytics has been deprecated and will be removed in a future release of MkDocs. See the options available on your theme for an alternative.
WARNING -  Config value 'extra_files': Unrecognised configuration name: extra_files
INFO    -  Building documentation...
INFO    -  Cleaning site directory
INFO    -  The following pages exist in the docs directory, but are not included in the "nav" configuration:
  - 404.md
  - index-backup.md
  - index-enhanced.md
  - sitemap.md
  - en/index.md
  - en/chapter_netty/index.md
  - en/chapter_preface/index.md
  - en/chapter_preface/about_the_book.md
  - en/chapter_preface/suggestions.md
  - en/chapter_preface/summary.md
  - zh/index.md
  - zh/book_index/index.md
  - zh/chapter_ai/01-线性代数.md
  - zh/chapter_ai/02-机器学习.md
  - zh/chapter_ai/03-人工神经网络.md
  - zh/chapter_ai/04-深度学习.md
  - zh/chapter_ai/05-深度学习的神经网络.md
  - zh/chapter_algorithm/114-preorder.md
  - zh/chapter_algorithm/145-二叉树的后序遍历.md
  - zh/chapter_algorithm/160-相交链表.md
  - zh/chapter_algorithm/202-快乐数.md
  - zh/chapter_algorithm/203-移除链表元素.md
  - zh/chapter_algorithm/205-同构字符串.md
  - zh/chapter_algorithm/206-反转链表.md
  - zh/chapter_algorithm/225-用队列实现栈.md
  - zh/chapter_algorithm/226-翻转二叉树.md
  - zh/chapter_algorithm/34-在排序数组中查找元素的第一个和最后一个位置.md
  - zh/chapter_algorithm/36-有效的数独.md
  - zh/chapter_algorithm/38-外观数列.md
  - zh/chapter_algorithm/39-组合总和.md
  - zh/chapter_algorithm/40-组合总和 II.md
  - zh/chapter_erlang/1-Rebar3从一个例子入门.md
  - zh/chapter_erlang/1-erlang语法基础.md
  - zh/chapter_erlang/1-escockd入门.md
  - zh/chapter_erlang/2-Rebar3相关的环境变量配置.md
  - zh/chapter_erlang/2-erlang的并发.md
  - zh/chapter_erlang/2-esockd例子echo.md
  - zh/chapter_erlang/3-Rebar3命令行.md
  - zh/chapter_erlang/3-erlang分布式编程.md
  - zh/chapter_erlang/4-套接字编程.md
  - zh/chapter_erlang/5-ETS和DETS存储数据.md
  - zh/chapter_erlang/6-分布式数据库Mnesia.md
  - zh/chapter_erlang/7-性能分析、调试与跟踪.md
  - zh/chapter_jdk/jdk17.md
  - zh/chapter_jdk/过五关斩六将开发属于自己的jdk版本.md
  - zh/chapter_kafka/0-1-Kaka知识点全解析.md
  - zh/chapter_kafka/1-1-生产者例子发送数据生命周期.md
  - zh/chapter_kafka/1-2-生产者KafkaProducer对象的初始化.md
  - zh/chapter_kafka/10-消费者订阅TOPIC.md
  - zh/chapter_kafka/11-消费者执行轮询消息poll方法.md
  - zh/chapter_kafka/12-消费者尝试更新分配元数据updateAssignmentMetadataIfNeeded.md
  - zh/chapter_kafka/13-消费者Poll从服务端拉取数据.md
  - zh/chapter_kafka/3-KafkaProducer处理数据到发送批处理队列.md
  - zh/chapter_kafka/4-Send发送者线程的主限循环逻辑.md
  - zh/chapter_kafka/5-生产者消息请求放入Kafka通道.md
  - zh/chapter_kafka/6-生产者执行IO事件.md
  - zh/chapter_kafka/7-消费者和生产者处理IO结果.md
  - zh/chapter_kafka/8-消费者例子拉取数据生命周期.md
  - zh/chapter_kafka/9-消费者KafkaConsumer对象的初始化.md
  - zh/chapter_kafka/Kafka入门.md
  - zh/chapter_linux/io/PageCache.md
  - zh/chapter_linux/mm/pagecache.md
  - zh/chapter_linux/net/2-网络排查.md
  - zh/chapter_linux/problem/5-linux问题分析.md
  - zh/chapter_linux/problem/6-Dubbo超时问题.md
  - zh/chapter_linux/problem/strace工具.md
  - zh/chapter_netty/index.md
  - zh/chapter_preface/about_the_book.md
  - zh/chapter_preface/suggestions.md
  - zh/chapter_preface/summary.md
  - zh/chapter_seata/1-official-website.md
  - zh/chapter_seata/2-net-source.md
  - zh/chapter_seata/tcc-design.md
  - zh/chapter_seata/tcc-user.md
  - zh/chapter_spring_ai_alibaba/2-spring-ai-alibaba-flight-booking-readme.md
  - zh/chapter_spring_ai_alibaba/3-spring-ai-alibaba-flight-assistant-controller.md
  - zh/chapter_spring_ai_alibaba/4-spring-ai-alibaba-flight-similaritySearch-init.md
  - zh/release_note/OpenHands_0.39.0_-_2025-05-20.md
  - zh/release_note/spring-framework_v6.0.22.md
  - zh/release_note/spring-framework_v6.1.10.md
  - zh/release_note/spring-framework_v6.1.11.md
  - zh/release_note/spring-framework_v6.1.14.md
  - zh/release_note/spring-framework_v6.1.9.md
  - zh/release_note/spring-framework_v6.2.0-M4.md
  - zh/release_note/spring-framework_v6.2.0-M5.md
  - zh/release_note/spring-framework_v6.2.0-M6.md
  - zh/release_note/spring-framework_v6.2.0-RC2.md
  - zh/release_note/spring-framework_v6.2.0-RC3.md
WARNING -  A reference to 'zh/release_note/OpenHands_0.39.0 - 2025-05-20.md' is included in the 'nav' configuration, which is not found in the documentation files.
INFO    -  Doc file 'zh/chapter_druid/1-sample.md' contains an absolute link '/img/chapter_druid/1-druid-github.png', it was left as is. Did you mean '../../img/chapter_druid/1-druid-github.png'?
INFO    -  Doc file 'zh/chapter_druid/2-datasource.md' contains an absolute link '/img/chapter_druid/2-druid-data-source.png', it was left as is. Did you mean '../../img/chapter_druid/2-druid-data-source.png'?
INFO    -  Doc file 'zh/chapter_druid/4-db-type.md' contains an absolute link '/img/chapter_druid/3-jdbcutils.png', it was left as is. Did you mean '../../img/chapter_druid/3-jdbcutils.png'?
INFO    -  Doc file 'zh/chapter_druid/7-driver-connect.md' contains an absolute link '/img/chapter_druid/7-druid.png', it was left as is. Did you mean '../../img/chapter_druid/7-druid.png'?
INFO    -  Doc file 'zh/chapter_dubbo/1-learn-from-a-demo.md' contains an absolute link '/img/chapter_dubbo/1-dubbo-zknode.png', it was left as is. Did you mean '../../img/chapter_dubbo/1-dubbo-zknode.png'?
INFO    -  Doc file 'zh/chapter_dubbo/1-learn-from-a-demo.md' contains an absolute link '/img/chapter_dubbo/1-dubbo-zkdata.png', it was left as is. Did you mean '../../img/chapter_dubbo/1-dubbo-zkdata.png'?
INFO    -  Doc file 'zh/chapter_dubbo/11-protocolconfig.md' contains an absolute link '/zh/chapter_dubbo/9-application-config', it was left as is. Did you mean '9-application-config.md'?
INFO    -  Doc file 'zh/chapter_dubbo/12-start-life-cycle.md' contains an absolute link '/zh/chapter_dubbo/1-learn-from-a-demo', it was left as is. Did you mean '1-learn-from-a-demo.md'?
INFO    -  Doc file 'zh/chapter_dubbo/12-start-life-cycle.md' contains an absolute link '/img/chapter_dubbo/12-deployer.png', it was left as is. Did you mean '../../img/chapter_dubbo/12-deployer.png'?
INFO    -  Doc file 'zh/chapter_dubbo/13-configcenter.md' contains an absolute link '/img/chapter_dubbo/13-config.png', it was left as is. Did you mean '../../img/chapter_dubbo/13-config.png'?
INFO    -  Doc file 'zh/chapter_dubbo/13-configcenter.md' contains an absolute link '/img/chapter_dubbo/13-dubbo-config.png', it was left as is. Did you mean '../../img/chapter_dubbo/13-dubbo-config.png'?
INFO    -  Doc file 'zh/chapter_dubbo/13-configcenter.md' contains an absolute link '/zh/chapter_dubbo/12-start-life-cycle', it was left as is. Did you mean '12-start-life-cycle.md'?
INFO    -  Doc file 'zh/chapter_dubbo/13-configcenter.md' contains an absolute link '/img/chapter_dubbo/13-config-2.png', it was left as is. Did you mean '../../img/chapter_dubbo/13-config-2.png'?
INFO    -  Doc file 'zh/chapter_dubbo/13-configcenter.md' contains an absolute link '/img/chapter_dubbo/13-config-3.png', it was left as is. Did you mean '../../img/chapter_dubbo/13-config-3.png'?
INFO    -  Doc file 'zh/chapter_dubbo/14-config-load.md' contains an absolute link '/img/chapter_dubbo/14-1-configuration.png', it was left as is. Did you mean '../../img/chapter_dubbo/14-1-configuration.png'?
INFO    -  Doc file 'zh/chapter_dubbo/14-config-load.md' contains an absolute link '/img/chapter_dubbo/14-2-configuration.png', it was left as is. Did you mean '../../img/chapter_dubbo/14-2-configuration.png'?
INFO    -  Doc file 'zh/chapter_dubbo/15-metadata.md' contains an absolute link '/img/chapter_dubbo/15-config.png', it was left as is. Did you mean '../../img/chapter_dubbo/15-config.png'?
INFO    -  Doc file 'zh/chapter_dubbo/15-metadata.md' contains an absolute link '/img/chapter_dubbo/15-metadata-2.png', it was left as is. Did you mean '../../img/chapter_dubbo/15-metadata-2.png'?
INFO    -  Doc file 'zh/chapter_dubbo/15-metadata.md' contains an absolute link '/img/chapter_dubbo/15-metadata-3.png', it was left as is. Did you mean '../../img/chapter_dubbo/15-metadata-3.png'?
INFO    -  Doc file 'zh/chapter_dubbo/16-moduledeployer.md' contains an absolute link '/img/chapter_dubbo/16-dubbo-1.png', it was left as is. Did you mean '../../img/chapter_dubbo/16-dubbo-1.png'?
INFO    -  Doc file 'zh/chapter_dubbo/16-moduledeployer.md' contains an absolute link '/zh/chapter_dubbo/12-start-life-cycle', it was left as is. Did you mean '12-start-life-cycle.md'?
INFO    -  Doc file 'zh/chapter_dubbo/16-moduledeployer.md' contains an absolute link '/img/chapter_dubbo/16-dubbo-2.png', it was left as is. Did you mean '../../img/chapter_dubbo/16-dubbo-2.png'?
INFO    -  Doc file 'zh/chapter_dubbo/16-moduledeployer.md' contains an absolute link '/imgs/blog/source-blog/16-deploy3.png', it was left as is.
INFO    -  Doc file 'zh/chapter_dubbo/16-moduledeployer.md' contains an absolute link '/img/chapter_dubbo/16-wrapper.png', it was left as is. Did you mean '../../img/chapter_dubbo/16-wrapper.png'?
INFO    -  Doc file 'zh/chapter_dubbo/17-provider-register.md' contains an absolute link '/zh/chapter_dubbo/15-metadata', it was left as is. Did you mean '15-metadata.md'?
INFO    -  Doc file 'zh/chapter_dubbo/17-provider-register.md' contains an absolute link '/img/chapter_dubbo/17-provider-1.png', it was left as is. Did you mean '../../img/chapter_dubbo/17-provider-1.png'?
INFO    -  Doc file 'zh/chapter_dubbo/17-provider-register.md' contains an absolute link '/zh/chapter_dubbo/15-metadata', it was left as is. Did you mean '15-metadata.md'?
INFO    -  Doc file 'zh/chapter_dubbo/17-provider-register.md' contains an absolute link '/zh/chapter_dubbo/16-module-deployer', it was left as is.
INFO    -  Doc file 'zh/chapter_dubbo/17-provider-register.md' contains an absolute link '/img/chapter_dubbo/17-register-factory.png', it was left as is. Did you mean '../../img/chapter_dubbo/17-register-factory.png'?
INFO    -  Doc file 'zh/chapter_dubbo/17-provider-register.md' contains an absolute link '/img/chapter_dubbo/17-register-factory-2.png', it was left as is. Did you mean '../../img/chapter_dubbo/17-register-factory-2.png'?
INFO    -  Doc file 'zh/chapter_dubbo/17-provider-register.md' contains an absolute link '/img/chapter_dubbo/17-servicediscovery-registry.png', it was left as is. Did you mean '../../img/chapter_dubbo/17-servicediscovery-registry.png'?
INFO    -  Doc file 'zh/chapter_dubbo/17-provider-register.md' contains an absolute link '/img/chapter_dubbo/17-register4.png', it was left as is. Did you mean '../../img/chapter_dubbo/17-register4.png'?
INFO    -  Doc file 'zh/chapter_dubbo/17-provider-register.md' contains an absolute link '/img/chapter_dubbo/17-discovery.png', it was left as is. Did you mean '../../img/chapter_dubbo/17-discovery.png'?
INFO    -  Doc file 'zh/chapter_dubbo/17-provider-register.md' contains an absolute link '/img/chapter_dubbo/17-register5.png', it was left as is. Did you mean '../../img/chapter_dubbo/17-register5.png'?
INFO    -  Doc file 'zh/chapter_dubbo/17-provider-register.md' contains an absolute link '/img/chapter_dubbo/17-register-6.png', it was left as is. Did you mean '../../img/chapter_dubbo/17-register-6.png'?
INFO    -  Doc file 'zh/chapter_dubbo/17-provider-register.md' contains an absolute link '/img/chapter_dubbo/17-service-mapping.png', it was left as is. Did you mean '../../img/chapter_dubbo/17-service-mapping.png'?
INFO    -  Doc file 'zh/chapter_dubbo/17-provider-register.md' contains an absolute link '/img/chapter_dubbo/17-register7.png', it was left as is. Did you mean '../../img/chapter_dubbo/17-register7.png'?
INFO    -  Doc file 'zh/chapter_dubbo/17-provider-register.md' contains an absolute link '/img/chapter_dubbo/17-register8.png', it was left as is. Did you mean '../../img/chapter_dubbo/17-register8.png'?
INFO    -  Doc file 'zh/chapter_dubbo/18-metadataService-export.md' contains an absolute link '/img/chapter_dubbo/18-metadata.png', it was left as is. Did you mean '../../img/chapter_dubbo/18-metadata.png'?
INFO    -  Doc file 'zh/chapter_dubbo/18-metadataService-export.md' contains an absolute link '/img/chapter_dubbo/18-metadata2.png', it was left as is. Did you mean '../../img/chapter_dubbo/18-metadata2.png'?
INFO    -  Doc file 'zh/chapter_dubbo/18-metadataService-export.md' contains an absolute link '/zh/chapter_dubbo/9-application-config', it was left as is. Did you mean '9-application-config.md'?
INFO    -  Doc file 'zh/chapter_dubbo/18-metadataService-export.md' contains an absolute link '/img/chapter_dubbo/18-metadata3.png', it was left as is. Did you mean '../../img/chapter_dubbo/18-metadata3.png'?
INFO    -  Doc file 'zh/chapter_dubbo/18-metadataService-export.md' contains an absolute link '/img/chapter_dubbo/18-metadata4.png', it was left as is. Did you mean '../../img/chapter_dubbo/18-metadata4.png'?
INFO    -  Doc file 'zh/chapter_dubbo/19-consuemr-demo.md' contains an absolute link '/img/chapter_dubbo/19-1-zookeeper.png', it was left as is. Did you mean '../../img/chapter_dubbo/19-1-zookeeper.png'?
INFO    -  Doc file 'zh/chapter_dubbo/19-consuemr-demo.md' contains an absolute link '/img/chapter_dubbo/19-2-zookeeper.png', it was left as is. Did you mean '../../img/chapter_dubbo/19-2-zookeeper.png'?
INFO    -  Doc file 'zh/chapter_dubbo/2-serviceconfig-config.md' contains an absolute link '/img/chapter_dubbo/2-config-uml.png', it was left as is. Did you mean '../../img/chapter_dubbo/2-config-uml.png'?
INFO    -  Doc file 'zh/chapter_dubbo/20-reference-config.md' contains an absolute link '/img/chapter_dubbo/20-1-reference.png', it was left as is. Did you mean '../../img/chapter_dubbo/20-1-reference.png'?
INFO    -  Doc file 'zh/chapter_dubbo/22-migration-invoker.md' contains an absolute link '/img/chapter_dubbo/22-1-discovery.png', it was left as is. Did you mean '../../img/chapter_dubbo/22-1-discovery.png'?
INFO    -  Doc file 'zh/chapter_dubbo/22-migration-invoker.md' contains an absolute link '/img/chapter_dubbo/consumer-subscription.png', it was left as is.
INFO    -  Doc file 'zh/chapter_dubbo/22-migration-invoker.md' contains an absolute link '/img/chapter_dubbo/22-3-migration-cluster-invoker.png', it was left as is. Did you mean '../../img/chapter_dubbo/22-3-migration-cluster-invoker.png'?
INFO    -  Doc file 'zh/chapter_dubbo/22-migration-invoker.md' contains an absolute link '/zh/chapter_dubbo/21-refer-services', it was left as is. Did you mean '21-refer-services.md'?
INFO    -  Doc file 'zh/chapter_dubbo/3-model-init.md' contains an absolute link '/img/chapter_dubbo/3-model.png', it was left as is. Did you mean '../../img/chapter_dubbo/3-model.png'?
INFO    -  Doc file 'zh/chapter_dubbo/3-model-init.md' contains an absolute link '/img/chapter_dubbo/3-spi.png', it was left as is. Did you mean '../../img/chapter_dubbo/3-spi.png'?
INFO    -  Doc file 'zh/chapter_dubbo/3-model-init.md' contains an absolute link '/img/chapter_dubbo/3-ext.png', it was left as is. Did you mean '../../img/chapter_dubbo/3-ext.png'?
INFO    -  Doc file 'zh/chapter_dubbo/4-extension-init.md' contains an absolute link '/img/chapter_dubbo/4-1-arch.png', it was left as is. Did you mean '../../img/chapter_dubbo/4-1-arch.png'?
INFO    -  Doc file 'zh/chapter_dubbo/4-extension-init.md' contains an absolute link '/img/chapter_dubbo/4-2-arch.png', it was left as is. Did you mean '../../img/chapter_dubbo/4-2-arch.png'?
INFO    -  Doc file 'zh/chapter_dubbo/4-extension-init.md' contains an absolute link '/img/chapter_dubbo/4-3-ext.png', it was left as is. Did you mean '../../img/chapter_dubbo/4-3-ext.png'?
INFO    -  Doc file 'zh/chapter_dubbo/4-extension-init.md' contains an absolute link '/img/chaptre_dubbo/4-4-ext.png', it was left as is.
INFO    -  Doc file 'zh/chapter_dubbo/4-extension-init.md' contains an absolute link '/img/chapter_dubbo/4-5-ext.png', it was left as is. Did you mean '../../img/chapter_dubbo/4-5-ext.png'?
INFO    -  Doc file 'zh/chapter_dubbo/4-extension-init.md' contains an absolute link '/zh/chapter_dubbo/model-init', it was left as is.
INFO    -  Doc file 'zh/chapter_dubbo/8-dubbobootstrap.md' contains an absolute link '/zh/chapter_dubbo/1-learch-from-a-demo', it was left as is.
INFO    -  Doc file 'zh/chapter_elasticjob/1-introduce.md' contains an absolute link '/img/chapter_elasticjob/1-1.png', it was left as is. Did you mean '../../img/chapter_elasticjob/1-1.png'?
INFO    -  Doc file 'zh/chapter_elasticjob/10-leader-latch.md' contains an absolute link '/img/chapter_elasticjob/10-dis-lock.png', it was left as is. Did you mean '../../img/chapter_elasticjob/10-dis-lock.png'?
INFO    -  Doc file 'zh/chapter_elasticjob/10-leader-latch.md' contains an absolute link '/img/chapter_elasticjob/10-2-lock-2.png', it was left as is. Did you mean '../../img/chapter_elasticjob/10-2-lock-2.png'?
INFO    -  Doc file 'zh/chapter_elasticjob/2-reg.md' contains an absolute link '/img/chapter_elasticjob/3-0-reg.png', it was left as is. Did you mean '../../img/chapter_elasticjob/3-0-reg.png'?
INFO    -  Doc file 'zh/chapter_elasticjob/2-reg.md' contains an absolute link '/img/chapter_elasticjob/3-1-reg.png', it was left as is. Did you mean '../../img/chapter_elasticjob/3-1-reg.png'?
INFO    -  Doc file 'zh/chapter_elasticjob/3-job-config.md' contains an absolute link '/img/chapter_elasticjob/3-2-config.png', it was left as is. Did you mean '../../img/chapter_elasticjob/3-2-config.png'?
INFO    -  Doc file 'zh/chapter_elasticjob/3-job-config.md' contains an absolute link '/img/chapter_elasticjob/3-3-config.png', it was left as is. Did you mean '../../img/chapter_elasticjob/3-3-config.png'?
INFO    -  Doc file 'zh/chapter_elasticjob/3-job-config.md' contains an absolute link '/img/chapter_elasticjob/3-4-config.png', it was left as is. Did you mean '../../img/chapter_elasticjob/3-4-config.png'?
INFO    -  Doc file 'zh/chapter_elasticjob/3-job-config.md' contains an absolute link '/img/chapter_elasticjob/3-5-config.png', it was left as is. Did you mean '../../img/chapter_elasticjob/3-5-config.png'?
INFO    -  Doc file 'zh/chapter_elasticjob/3-job-config.md' contains an absolute link '/img/chapter_elasticjob/3-5-config-core.png', it was left as is. Did you mean '../../img/chapter_elasticjob/3-5-config-core.png'?
INFO    -  Doc file 'zh/chapter_elasticjob/3-job-config.md' contains an absolute link '/img/chapter_elasticjob/3-6-config-simplejob.png', it was left as is. Did you mean '../../img/chapter_elasticjob/3-6-config-simplejob.png'?
INFO    -  Doc file 'zh/chapter_elasticjob/3-job-config.md' contains an absolute link '/img/chapter_elasticjob/3-7-config-dataflow.png', it was left as is. Did you mean '../../img/chapter_elasticjob/3-7-config-dataflow.png'?
INFO    -  Doc file 'zh/chapter_elasticjob/3-job-config.md' contains an absolute link '/img/chapter_elasticjob/3-8-config-script.png', it was left as is. Did you mean '../../img/chapter_elasticjob/3-8-config-script.png'?
INFO    -  Doc file 'zh/chapter_elasticjob/4-job-template.md' contains an absolute link '/img/chapter_elasticjob/4-job-type.png', it was left as is. Did you mean '../../img/chapter_elasticjob/4-job-type.png'?
INFO    -  Doc file 'zh/chapter_elasticjob/4-job-template.md' contains an absolute link '/img/chapter_elasticjob/4-2-job-executor.png', it was left as is. Did you mean '../../img/chapter_elasticjob/4-2-job-executor.png'?
INFO    -  Doc file 'zh/chapter_elasticjob/5-job-config-storage.md' contains an absolute link '/img/chapter_elasticjob/4-3-job-config-flow.png', it was left as is. Did you mean '../../img/chapter_elasticjob/4-3-job-config-flow.png'?
INFO    -  Doc file 'zh/chapter_elasticjob/7-quartz.md' contains an absolute link '/img/chapter_elasticjob/7-1-jobschedulecontroller.png', it was left as is. Did you mean '../../img/chapter_elasticjob/7-1-jobschedulecontroller.png'?
INFO    -  Doc file 'zh/chapter_elasticjob/7-quartz.md' contains an absolute link '/img/chapter_elasticjob/7-2-jobfacade.png', it was left as is. Did you mean '../../img/chapter_elasticjob/7-2-jobfacade.png'?
INFO    -  Doc file 'zh/chapter_elasticjob/9-listener.md' contains an absolute link '/img/chapter_elasticjob/9-1-elect-leader.png', it was left as is. Did you mean '../../img/chapter_elasticjob/9-1-elect-leader.png'?
INFO    -  Doc file 'zh/chapter_elasticjob/9-listener.md' contains an absolute link '/img/chapter_elasticjob/9-2-observer.png', it was left as is. Did you mean '../../img/chapter_elasticjob/9-2-observer.png'?
INFO    -  Doc file 'zh/chapter_elasticjob/9-listener.md' contains an absolute link '/img/chapter_elasticjob/9-3-result.png', it was left as is. Did you mean '../../img/chapter_elasticjob/9-3-result.png'?
INFO    -  Doc file 'zh/chapter_emqx/2-code-struct.md' contains an absolute link '/img/chapter_emqx/2-emqx-code.png', it was left as is. Did you mean '../../img/chapter_emqx/2-emqx-code.png'?
INFO    -  Doc file 'zh/chapter_emqx/2-code-struct.md' contains an absolute link '/img/chapter_emqx/2-emqx-application.png', it was left as is. Did you mean '../../img/chapter_emqx/2-emqx-application.png'?
INFO    -  Doc file 'zh/chapter_emqx/2-code-struct.md' contains an absolute link '/img/chapter_emqx/2-emqx-arch.png', it was left as is. Did you mean '../../img/chapter_emqx/2-emqx-arch.png'?
INFO    -  Doc file 'zh/chapter_emqx/2-code-struct.md' contains an absolute link '/img/chapter_emqx/2-emqx-arch2.png', it was left as is. Did you mean '../../img/chapter_emqx/2-emqx-arch2.png'?
INFO    -  Doc file 'zh/chapter_kafka/1-1-生产者例子发送数据生命周期.md' contains an absolute link '/Users/song/Library/Application Support/typora-user-images/image-20220526080054347.png', it was left as is.
INFO    -  Doc file 'zh/chapter_kafka/1-1-生产者例子发送数据生命周期.md' contains an absolute link '/Users/song/Library/Application Support/typora-user-images/image-20220526081145741.png', it was left as is.
INFO    -  Doc file 'zh/chapter_kafka/1-introduce.md' contains an absolute link '/img/chapter_kafka/1-kafka-start.png', it was left as is. Did you mean '../../img/chapter_kafka/1-kafka-start.png'?
INFO    -  Doc file 'zh/chapter_kafka/1-introduce.md' contains an absolute link '/img/chapter_kafka/1-kafka-zookeeper.png', it was left as is. Did you mean '../../img/chapter_kafka/1-kafka-zookeeper.png'?
INFO    -  Doc file 'zh/chapter_kafka/1-introduce.md' contains an absolute link '/img/chapter_kafka/1-kafka-start-log.png', it was left as is. Did you mean '../../img/chapter_kafka/1-kafka-start-log.png'?
INFO    -  Doc file 'zh/chapter_kafka/1-introduce.md' contains an absolute link '/img/chapter_kafka/1-kafka-create-topic.png', it was left as is. Did you mean '../../img/chapter_kafka/1-kafka-create-topic.png'?
INFO    -  Doc file 'zh/chapter_kafka/1-introduce.md' contains an absolute link '/img/chapter_kafka/1-kafka-topic-describe.png', it was left as is. Did you mean '../../img/chapter_kafka/1-kafka-topic-describe.png'?
INFO    -  Doc file 'zh/chapter_kafka/1-introduce.md' contains an absolute link '/img/chapter_kafka/1-kafka-produce.png', it was left as is. Did you mean '../../img/chapter_kafka/1-kafka-produce.png'?
INFO    -  Doc file 'zh/chapter_kafka/1-introduce.md' contains an absolute link '/img/chapter_kafka/1-kafka-consumer.png', it was left as is. Did you mean '../../img/chapter_kafka/1-kafka-consumer.png'?
INFO    -  Doc file 'zh/chapter_kafka/1-introduce.md' contains an absolute link '/img/chapter_kafka/1-kafka-partition.png', it was left as is.
INFO    -  Doc file 'zh/chapter_kafka/2-high-performence.md' contains an absolute link '/img/chapter_kafka/2-disk.png', it was left as is. Did you mean '../../img/chapter_kafka/2-disk.png'?
INFO    -  Doc file 'zh/chapter_kafka/2-high-performence.md' contains an absolute link '/img/chapter_kafka/2-disk.png', it was left as is. Did you mean '../../img/chapter_kafka/2-disk.png'?
INFO    -  Doc file 'zh/chapter_kafka/2-high-performence.md' contains an absolute link '/img/chapter_kafka/2-data-copy2.png', it was left as is. Did you mean '../../img/chapter_kafka/2-data-copy2.png'?
INFO    -  Doc file 'zh/chapter_kafka/2-high-performence.md' contains an absolute link '/img/chapter_kafka/2-data-copy3.png', it was left as is. Did you mean '../../img/chapter_kafka/2-data-copy3.png'?
INFO    -  Doc file 'zh/chapter_kafka/2-high-performence.md' contains an absolute link '/img/chapter_kafka/2-data-copy4.png', it was left as is. Did you mean '../../img/chapter_kafka/2-data-copy4.png'?
INFO    -  Doc file 'zh/chapter_kafka/2-high-performence.md' contains an absolute link '/img/chapter_kafka/2-data-copy5.png', it was left as is. Did you mean '../../img/chapter_kafka/2-data-copy5.png'?
INFO    -  Doc file 'zh/chapter_kafka/3-client-sample.md' contains an absolute link '/zh/chapter_kafka/1-introduce', it was left as is. Did you mean '1-introduce.md'?
INFO    -  Doc file 'zh/chapter_kafka/3-client-sample.md' contains an absolute link '/zh/chapter_kafka/3-1-demo.png', it was left as is.
INFO    -  Doc file 'zh/chapter_kafka/3-client-sample.md' contains an absolute link '/zh/chapter_kafka/3-2-topic.png', it was left as is.
INFO    -  Doc file 'zh/chapter_kafka/3-client-sample.md' contains an absolute link '/zh/chapter_kafka/3-3-kafka-console-topic.png', it was left as is.
INFO    -  Doc file 'zh/chapter_kafka/4-kafka-producer.md' contains an absolute link '/zh/chapter_kafka/3-4-kafka.png', it was left as is.
INFO    -  Doc file 'zh/chapter_kafka/Kafka入门.md' contains an absolute link '/img/kafka/1_8_list.png', it was left as is.
INFO    -  Doc file 'zh/chapter_kafka/Kafka入门.md' contains an absolute link '/img/kafka/1_7_start_zk.png', it was left as is.
INFO    -  Doc file 'zh/chapter_kafka/Kafka入门.md' contains an absolute link '/img/kafka/1_6_startkafka.png', it was left as is.
INFO    -  Doc file 'zh/chapter_kafka/Kafka入门.md' contains an absolute link '/img/kafka/1_5_topic.png', it was left as is.
INFO    -  Doc file 'zh/chapter_kafka/Kafka入门.md' contains an absolute link '/img/kafka/4_start_topic.png', it was left as is.
INFO    -  Doc file 'zh/chapter_kafka/Kafka入门.md' contains an absolute link '/img/kafka/3_kafka_console.png', it was left as is.
INFO    -  Doc file 'zh/chapter_kafka/Kafka入门.md' contains an absolute link '/img/kafka/2_kafka_start.png', it was left as is.
INFO    -  Doc file 'zh/chapter_kafka/Kafka入门.md' contains an absolute link '/img/kafka/1_partion.png', it was left as is.
INFO    -  Doc file 'zh/chapter_linux/ebpf/1-ebpf.md' contains an absolute link '/img/chapter_linux/img.png', it was left as is. Did you mean '../../../img/chapter_linux/img.png'?
INFO    -  Doc file 'zh/chapter_linux/ebpf/1-ebpf.md' contains an absolute link '/img/chapter_linux/img_1.png', it was left as is. Did you mean '../../../img/chapter_linux/img_1.png'?
INFO    -  Doc file 'zh/chapter_linux/ebpf/1-ebpf.md' contains an absolute link '/img/chapter_linux/img_2.png', it was left as is. Did you mean '../../../img/chapter_linux/img_2.png'?
INFO    -  Doc file 'zh/chapter_linux/ebpf/1-ebpf.md' contains an absolute link '/img/chapter_linux/img_3.png', it was left as is. Did you mean '../../../img/chapter_linux/img_3.png'?
INFO    -  Doc file 'zh/chapter_linux/ebpf/1-ebpf.md' contains an absolute link '/img/chapter_linux/img_4.png', it was left as is. Did you mean '../../../img/chapter_linux/img_4.png'?
INFO    -  Doc file 'zh/chapter_linux/ebpf/ebpf_hello.md' contains an absolute link '/img/chapter_linux/img_5.png', it was left as is. Did you mean '../../../img/chapter_linux/img_5.png'?
INFO    -  Doc file 'zh/chapter_linux/ebpf/ebpf_hello.md' contains an absolute link '/img/chapter_linux/img_6.png', it was left as is. Did you mean '../../../img/chapter_linux/img_6.png'?
INFO    -  Doc file 'zh/chapter_linux/ebpf/ebpf_hello.md' contains an absolute link '/img/chapter_linux/img_7.png', it was left as is. Did you mean '../../../img/chapter_linux/img_7.png'?
INFO    -  Doc file 'zh/chapter_linux/ebpf/ebpf_hello.md' contains an absolute link '/img/chapter_linux/img_8.png', it was left as is. Did you mean '../../../img/chapter_linux/img_8.png'?
INFO    -  Doc file 'zh/chapter_linux/io/PageCache.md' contains an absolute link '/Users/mac/Library/Application Support/typora-user-images/image-20220908072140482.png', it was left as is.
INFO    -  Doc file 'zh/chapter_linux/net/2-网络排查.md' contains an absolute link '/Users/mac/Library/Application Support/typora-user-images/image-20220920080639876.png', it was left as is.
INFO    -  Doc file 'zh/chapter_linux/net/2-网络排查.md' contains an absolute link '/Users/mac/Library/Application Support/typora-user-images/image-20220921074809241.png', it was left as is.
INFO    -  Doc file 'zh/chapter_linux/net/net_in.md' contains an absolute link '/Users/mac/Library/Application Support/typora-user-images/image-20220822072546022.png', it was left as is.
INFO    -  Doc file 'zh/chapter_linux/net/net_in.md' contains an absolute link '/Users/mac/Library/Application Support/typora-user-images/image-20220824081144706.png', it was left as is.
INFO    -  Doc file 'zh/chapter_linux/net/net_in.md' contains an absolute link '/Users/mac/Library/Application Support/typora-user-images/image-20220825080942278.png', it was left as is.
INFO    -  Doc file 'zh/chapter_linux/net/net_in.md' contains an absolute link '/Users/mac/Library/Application Support/typora-user-images/image-20220831074458343.png', it was left as is.
INFO    -  Doc file 'zh/chapter_linux/problem/cpu.md' contains an absolute link '/Users/mac/Downloads/下载.png', it was left as is.
INFO    -  Doc file 'zh/chapter_linux/problem/cpu.md' contains an absolute link '/Users/mac/Library/Application Support/typora-user-images/image-20220728080446167.png', it was left as is.
INFO    -  Doc file 'zh/chapter_linux/problem/cpu.md' contains an absolute link '/Users/mac/Library/Application Support/typora-user-images/image-20220704081011989.png', it was left as is.
INFO    -  Doc file 'zh/chapter_linux/problem/disk.md' contains an absolute link '/Users/mac/Library/Application Support/typora-user-images/image-20220715081525931.png', it was left as is.
INFO    -  Doc file 'zh/chapter_linux/problem/disk.md' contains an absolute link '/Users/mac/Library/Application Support/typora-user-images/image-20220728080329703.png', it was left as is.
INFO    -  Doc file 'zh/chapter_linux/problem/disk.md' contains an absolute link '/Users/mac/Library/Application Support/typora-user-images/image-20220728080341756.png', it was left as is.
INFO    -  Doc file 'zh/chapter_linux/problem/disk.md' contains an absolute link '/Users/mac/Library/Application Support/typora-user-images/image-20220728080349718.png', it was left as is.
INFO    -  Doc file 'zh/chapter_linux/problem/memory.md' contains an absolute link '/Users/mac/Library/Application Support/typora-user-images/image-20220728080400405.png', it was left as is.
INFO    -  Doc file 'zh/chapter_linux/problem/memory.md' contains an absolute link '/Users/mac/Library/Application Support/typora-user-images/image-20220728080406509.png', it was left as is.
INFO    -  Doc file 'zh/chapter_linux/problem/memory.md' contains an absolute link '/Users/mac/Library/Application Support/typora-user-images/image-20220728080412252.png', it was left as is.
INFO    -  Doc file 'zh/chapter_linux/problem/net.md' contains an absolute link '/Users/mac/Library/Application Support/typora-user-images/image-20220728080305073.png', it was left as is.
INFO    -  Doc file 'zh/chapter_linux/problem/net.md' contains an absolute link '/Users/mac/Library/Application Support/typora-user-images/image-20220728080312773.png', it was left as is.
INFO    -  Doc file 'zh/chapter_linux/problem/net.md' contains an absolute link '/Users/mac/Desktop/computer/A/code-my/weaving-doc/7-洞见-技术洞见/2-草稿文档/即时通讯/网络编程 /下载.png', it was left as is.
INFO    -  Doc file 'zh/chapter_linux/problem/strace工具.md' contains an absolute link '/Users/mac/Library/Application Support/typora-user-images/image-20220929080045204.png', it was left as is.
INFO    -  Doc file 'zh/chapter_post/clickhouse.md' contains an absolute link '/img/chapter_post/img_5.png', it was left as is. Did you mean '../../img/chapter_post/img_5.png'?
INFO    -  Doc file 'zh/chapter_post/clickhouse.md' contains an absolute link '/img/chapter_post/img_6.png', it was left as is. Did you mean '../../img/chapter_post/img_6.png'?
INFO    -  Doc file 'zh/chapter_post/clickhouse.md' contains an absolute link '/img/chapter_post/img_7.png', it was left as is. Did you mean '../../img/chapter_post/img_7.png'?
INFO    -  Doc file 'zh/chapter_post/clickhouse.md' contains an absolute link '/img/chapter_post/img_8.png', it was left as is. Did you mean '../../img/chapter_post/img_8.png'?
INFO    -  Doc file 'zh/chapter_post/clickhouse.md' contains an absolute link '/img/chapter_post/img_9.png', it was left as is. Did you mean '../../img/chapter_post/img_9.png'?
INFO    -  Doc file 'zh/chapter_post/clickhouse.md' contains an absolute link '/img/chapter_post/img_10.png', it was left as is. Did you mean '../../img/chapter_post/img_10.png'?
INFO    -  Doc file 'zh/chapter_post/elasticjob_cloud.md' contains an absolute link '/img/chapter_post/img.png', it was left as is. Did you mean '../../img/chapter_post/img.png'?
INFO    -  Doc file 'zh/chapter_post/elasticjob_cloud.md' contains an absolute link '/img/chapter_post/img_1.png', it was left as is. Did you mean '../../img/chapter_post/img_1.png'?
INFO    -  Doc file 'zh/chapter_post/elasticjob_cloud.md' contains an absolute link '/img/chapter_post/img_2.png', it was left as is. Did you mean '../../img/chapter_post/img_2.png'?
INFO    -  Doc file 'zh/chapter_post/elasticjob_cloud.md' contains an absolute link '/img/chapter_post/img_3.png', it was left as is. Did you mean '../../img/chapter_post/img_3.png'?
INFO    -  Doc file 'zh/chapter_post/elasticjob_cloud.md' contains an absolute link '/img/chapter_post/img_4.png', it was left as is. Did you mean '../../img/chapter_post/img_4.png'?
INFO    -  Doc file 'zh/chapter_post/flink.md' contains an absolute link '/img/chapter_post/img_12.png', it was left as is. Did you mean '../../img/chapter_post/img_12.png'?
INFO    -  Doc file 'zh/chapter_post/flink.md' contains an absolute link '/img/chapter_post/img_13.png', it was left as is. Did you mean '../../img/chapter_post/img_13.png'?
INFO    -  Doc file 'zh/chapter_post/flink.md' contains an absolute link '/img/chapter_post/img_14.png', it was left as is. Did you mean '../../img/chapter_post/img_14.png'?
INFO    -  Doc file 'zh/chapter_post/flink.md' contains an absolute link '/img/chapter_post/img_15.png', it was left as is. Did you mean '../../img/chapter_post/img_15.png'?
INFO    -  Doc file 'zh/chapter_post/flink.md' contains an absolute link '/img/chapter_post/img_16.png', it was left as is. Did you mean '../../img/chapter_post/img_16.png'?
INFO    -  Doc file 'zh/chapter_post/flink.md' contains an absolute link '/img/chapter_post/img_17.png', it was left as is. Did you mean '../../img/chapter_post/img_17.png'?
INFO    -  Doc file 'zh/chapter_post/flink.md' contains an absolute link '/img/chapter_post/img_18.png', it was left as is. Did you mean '../../img/chapter_post/img_18.png'?
INFO    -  Doc file 'zh/chapter_post/flink.md' contains an absolute link '/img/chapter_post/img_19.png', it was left as is. Did you mean '../../img/chapter_post/img_19.png'?
INFO    -  Doc file 'zh/chapter_post/flink.md' contains an absolute link '/img/chapter_post/img_20.png', it was left as is. Did you mean '../../img/chapter_post/img_20.png'?
INFO    -  Doc file 'zh/chapter_post/log4j2.md' contains an absolute link '/img/chapter_post/img_21.png', it was left as is. Did you mean '../../img/chapter_post/img_21.png'?
INFO    -  Doc file 'zh/chapter_post/log4j2.md' contains an absolute link '/img/chapter_post/img_22.png', it was left as is. Did you mean '../../img/chapter_post/img_22.png'?
INFO    -  Doc file 'zh/chapter_post/log4j2.md' contains an absolute link '/img/chapter_post/img_23.png', it was left as is. Did you mean '../../img/chapter_post/img_23.png'?
INFO    -  Doc file 'zh/chapter_post/log4j2.md' contains an absolute link '/img/chapter_post/img_24.png', it was left as is. Did you mean '../../img/chapter_post/img_24.png'?
INFO    -  Doc file 'zh/chapter_post/log4j2.md' contains an absolute link '/img/chapter_post/img_25.png', it was left as is. Did you mean '../../img/chapter_post/img_25.png'?
INFO    -  Doc file 'zh/chapter_post/micrometer_tracing.md' contains an absolute link '/img/chapter_post/img_26.png', it was left as is. Did you mean '../../img/chapter_post/img_26.png'?
INFO    -  Doc file 'zh/chapter_post/micrometer_tracing.md' contains an absolute link '/img/chapter_post/img_27.png', it was left as is. Did you mean '../../img/chapter_post/img_27.png'?
INFO    -  Doc file 'zh/chapter_post/micrometer_tracing.md' contains an absolute link '/img/chapter_post/img_28.png', it was left as is. Did you mean '../../img/chapter_post/img_28.png'?
INFO    -  Doc file 'zh/chapter_post/micrometer_tracing.md' contains an absolute link '/img/chapter_post/img_29.png', it was left as is. Did you mean '../../img/chapter_post/img_29.png'?
INFO    -  Doc file 'zh/chapter_post/micrometer_tracing.md' contains an absolute link '/img/chapter_post/img_30.png', it was left as is. Did you mean '../../img/chapter_post/img_30.png'?
INFO    -  Doc file 'zh/chapter_post/micrometer_tracing.md' contains an absolute link '/img/chapter_post/img_31.png', it was left as is. Did you mean '../../img/chapter_post/img_31.png'?
INFO    -  Doc file 'zh/chapter_post/prometheus.md' contains an absolute link '/img/chapter_post/img_32.png', it was left as is. Did you mean '../../img/chapter_post/img_32.png'?
INFO    -  Doc file 'zh/chapter_post/prometheus.md' contains an absolute link '/img/chapter_post/img_33.png', it was left as is. Did you mean '../../img/chapter_post/img_33.png'?
INFO    -  Doc file 'zh/chapter_post/prometheus.md' contains an absolute link '/img/chapter_post/img_34.png', it was left as is. Did you mean '../../img/chapter_post/img_34.png'?
INFO    -  Doc file 'zh/chapter_post/prometheus.md' contains an absolute link '/img/chapter_post/img_35.png', it was left as is. Did you mean '../../img/chapter_post/img_35.png'?
INFO    -  Doc file 'zh/chapter_post/prometheus.md' contains an absolute link '/img/chapter_post/img_36.png', it was left as is. Did you mean '../../img/chapter_post/img_36.png'?
INFO    -  Doc file 'zh/chapter_post/prometheus.md' contains an absolute link '/img/chapter_post/img_37.png', it was left as is. Did you mean '../../img/chapter_post/img_37.png'?
INFO    -  Doc file 'zh/chapter_post/prometheus.md' contains an absolute link '/img/chapter_post/img_37.png', it was left as is. Did you mean '../../img/chapter_post/img_37.png'?
INFO    -  Doc file 'zh/chapter_post/prometheus.md' contains an absolute link '/img/chapter_post/img_38.png', it was left as is. Did you mean '../../img/chapter_post/img_38.png'?
INFO    -  Doc file 'zh/chapter_post/prometheus.md' contains an absolute link '/img/chapter_post/img_39.png', it was left as is. Did you mean '../../img/chapter_post/img_39.png'?
INFO    -  Doc file 'zh/chapter_post/prometheus.md' contains an absolute link '/img/chapter_post/img_40.png', it was left as is. Did you mean '../../img/chapter_post/img_40.png'?
INFO    -  Doc file 'zh/chapter_post/prometheus.md' contains an absolute link '/img/chapter_post/img_41.png', it was left as is. Did you mean '../../img/chapter_post/img_41.png'?
INFO    -  Doc file 'zh/chapter_post/prometheus.md' contains an absolute link '/img/chapter_post/img_42.png', it was left as is. Did you mean '../../img/chapter_post/img_42.png'?
INFO    -  Doc file 'zh/chapter_post/prometheus.md' contains an absolute link '/img/chapter_post/img_43.png', it was left as is. Did you mean '../../img/chapter_post/img_43.png'?
INFO    -  Doc file 'zh/chapter_post/prometheus.md' contains an absolute link '/img/chapter_post/img_44.png', it was left as is. Did you mean '../../img/chapter_post/img_44.png'?
INFO    -  Doc file 'zh/chapter_spring_ai_alibaba/2-spring-ai-alibaba-flight-booking-readme.md' contains an absolute link '/img/chapter_spring_ai_alibaba/diagram.png', it was left as is. Did you mean '../../img/chapter_spring_ai_alibaba/diagram.png'?
INFO    -  Doc file 'zh/chapter_spring_ai_alibaba/2-spring-ai-alibaba-flight-booking-readme.md' contains an absolute link '/img/chapter_spring_ai_alibaba/flight-booking-show.png', it was left as is. Did you mean '../../img/chapter_spring_ai_alibaba/flight-booking-show.png'?
INFO    -  Doc file 'zh/chapter_springboot/1-sample.md' contains an absolute link '/img/chapter_springboot/1-start.png', it was left as is. Did you mean '../../img/chapter_springboot/1-start.png'?
INFO    -  Doc file 'zh/chapter_springboot/3-run.md' contains an absolute link '/img/chapter_springboot/3-application-arguments.png', it was left as is. Did you mean '../../img/chapter_springboot/3-application-arguments.png'?
INFO    -  Doc file 'zh/chapter_springboot/4-environment.md' contains an absolute link '/img/chapter_springboot/4-env.png', it was left as is. Did you mean '../../img/chapter_springboot/4-env.png'?
INFO    -  Doc file 'zh/chapter_springboot/5-application-context-init.md' contains an absolute link '/img/chapter_springboot/5-graalvm.png', it was left as is. Did you mean '../../img/chapter_springboot/5-graalvm.png'?
INFO    -  Doc file 'zh/chapter_zookeeper/12-quorumpeer-init.md' contains an unrecognized relative link 'zh/chapter_zookeeper/10-init-main/', it was left as is.
INFO    -  Doc file 'zh/chapter_zookeeper/13-loaddatabase.md' contains an absolute link '/img/chapter_zookeeper/13-zookeeper-snap.png', it was left as is. Did you mean '../../img/chapter_zookeeper/13-zookeeper-snap.png'?
INFO    -  Doc file 'zh/chapter_zookeeper/14-reactor-io.md' contains an absolute link '/img/chapter_zookeeper/14-cnxnfactory.png', it was left as is. Did you mean '../../img/chapter_zookeeper/14-cnxnfactory.png'?
INFO    -  Doc file 'zh/chapter_zookeeper/14-reactor-io.md' contains an absolute link '/img/chapter_zookeeper/14-2-reactor.png', it was left as is. Did you mean '../../img/chapter_zookeeper/14-2-reactor.png'?
INFO    -  Doc file 'zh/chapter_zookeeper/16-lookforleader.md' contains an absolute link '/img/chapter_zookeeper/16-lookleader-1.png', it was left as is. Did you mean '../../img/chapter_zookeeper/16-lookleader-1.png'?
INFO    -  Doc file 'zh/chapter_zookeeper/16-lookforleader.md' contains an absolute link '/img/chapter_zookeeper/16-lookleader-2.png', it was left as is. Did you mean '../../img/chapter_zookeeper/16-lookleader-2.png'?
WARNING -  Doc file 'zh/chapter_zookeeper/5-produce-and-consumer.md' contains a link 'git@github.com:apache/zookeeper.git', but the target 'zh/chapter_zookeeper/git@github.com:apache/zookeeper.git' is not found among documentation files.
INFO    -  Doc file 'zh/chapter_zookeeper/5-produce-and-consumer.md' contains an absolute link '/img/chapter_zookeeper/source-5-1.png', it was left as is. Did you mean '../../img/chapter_zookeeper/source-5-1.png'?
INFO    -  Doc file 'zh/chapter_zookeeper/6-watch.md' contains an absolute link '/img/chapter_zookeeper/zookeeper-6-1-watch.png', it was left as is. Did you mean '../../img/chapter_zookeeper/zookeeper-6-1-watch.png'?
INFO    -  Documentation built in 22.60 seconds
Traceback (most recent call last):
  File "/openhands/poetry/openhands-ai-5O4_aCHf-py3.12/bin/mkdocs", line 8, in <module>
    sys.exit(cli())
             ^^^^^
  File "/openhands/poetry/openhands-ai-5O4_aCHf-py3.12/lib/python3.12/site-packages/click/core.py", line 1161, in __call__
    return self.main(*args, **kwargs)
           ^^^^^^^^^^^^^^^^^^^^^^^^^^
  File "/openhands/poetry/openhands-ai-5O4_aCHf-py3.12/lib/python3.12/site-packages/click/core.py", line 1082, in main
    rv = self.invoke(ctx)
         ^^^^^^^^^^^^^^^^
  File "/openhands/poetry/openhands-ai-5O4_aCHf-py3.12/lib/python3.12/site-packages/click/core.py", line 1697, in invoke
    return _process_result(sub_ctx.command.invoke(sub_ctx))
                           ^^^^^^^^^^^^^^^^^^^^^^^^^^^^^^^
  File "/openhands/poetry/openhands-ai-5O4_aCHf-py3.12/lib/python3.12/site-packages/click/core.py", line 1443, in invoke
    return ctx.invoke(self.callback, **ctx.params)
           ^^^^^^^^^^^^^^^^^^^^^^^^^^^^^^^^^^^^^^^
  File "/openhands/poetry/openhands-ai-5O4_aCHf-py3.12/lib/python3.12/site-packages/click/core.py", line 788, in invoke
    return __callback(*args, **kwargs)
           ^^^^^^^^^^^^^^^^^^^^^^^^^^^
  File "/openhands/poetry/openhands-ai-5O4_aCHf-py3.12/lib/python3.12/site-packages/mkdocs/__main__.py", line 272, in serve_command
    serve.serve(**kwargs)
  File "/openhands/poetry/openhands-ai-5O4_aCHf-py3.12/lib/python3.12/site-packages/mkdocs/commands/serve.py", line 104, in serve
    server.serve(open_in_browser=open_in_browser)
  File "/openhands/poetry/openhands-ai-5O4_aCHf-py3.12/lib/python3.12/site-packages/mkdocs/livereload/__init__.py", line 173, in serve
    self.server_bind()
  File "/openhands/micromamba/envs/openhands/lib/python3.12/wsgiref/simple_server.py", line 50, in server_bind
    HTTPServer.server_bind(self)
  File "/openhands/micromamba/envs/openhands/lib/python3.12/http/server.py", line 136, in server_bind
    socketserver.TCPServer.server_bind(self)
  File "/openhands/micromamba/envs/openhands/lib/python3.12/socketserver.py", line 478, in server_bind
    self.socket.bind(self.server_address)
OSError: [Errno 98] Address already in use
